Arguments: 
  C:\Program Files\nodejs\node.exe C:\Program Files (x86)\Yarn\bin\yarn.js add -- --reset-cache

PATH: 
  C:\Program Files\Common Files\Oracle\Java\javapath;C:\Python310\Scripts\;C:\Python310\;C:\Windows\system32;C:\Windows;C:\Windows\System32\Wbem;C:\Windows\System32\WindowsPowerShell\v1.0\;C:\Windows\System32\OpenSSH\;C:\xampp\php;C:\ProgramData\ComposerSetup\bin;C:\ProgramData\chocolatey\bin;C:\Program Files\nodejs\;C:\Program Files (x86)\Yarn\bin\;C:\Program Files\Microsoft SQL Server\Client SDK\ODBC\170\Tools\Binn\;C:\Program Files (x86)\Microsoft SQL Server\150\Tools\Binn\;C:\Program Files\Microsoft SQL Server\150\Tools\Binn\;C:\Program Files\Microsoft SQL Server\150\DTS\Binn\;C:\Program Files (x86)\Microsoft SQL Server\150\DTS\Binn\;C:\Program Files\Microsoft SQL Server\Client SDK\ODBC\130\Tools\Binn\;C:\Program Files (x86)\Microsoft SQL Server\140\Tools\Binn\;C:\Program Files\Microsoft SQL Server\140\Tools\Binn\;C:\Program Files\Microsoft SQL Server\140\DTS\Binn\;C:\Program Files\Azure Data Studio\bin;C:\Program Files\Git\cmd;C:\Program Files\MongoDB\Server\5.0\bin;C:\Users\muzia\AppData\Local\Programs\Python\Python310\Scripts\;C:\Users\muzia\AppData\Local\Programs\Python\Python310\;C:\Program Files\MySQL\MySQL Shell 8.0\bin\;C:\Users\muzia\AppData\Local\Microsoft\WindowsApps;C:\Users\muzia\AppData\Local\Programs\Microsoft VS Code\bin;C:\Users\muzia\AppData\Local\GitHubDesktop\bin;C:\Users\muzia\AppData\Roaming\Composer\vendor\bin;F:\src\flutter\bin;C:\Users\muzia\AppData\Roaming\npm;C:\Users\muzia\AppData\Local\Yarn\bin;C:\Program Files\Azure Data Studio\bin

Yarn version: 
  1.22.15

Node version: 
  16.14.0

Platform: 
  win32 x64

Trace: 
  Error: https://registry.npmjs.org/--reset-cache: Not found
      at Request.params.callback [as _callback] (C:\Program Files (x86)\Yarn\lib\cli.js:66140:18)
      at Request.self.callback (C:\Program Files (x86)\Yarn\lib\cli.js:140885:22)
      at Request.emit (node:events:520:28)
      at Request.<anonymous> (C:\Program Files (x86)\Yarn\lib\cli.js:141857:10)
      at Request.emit (node:events:520:28)
      at IncomingMessage.<anonymous> (C:\Program Files (x86)\Yarn\lib\cli.js:141779:12)
      at Object.onceWrapper (node:events:639:28)
      at IncomingMessage.emit (node:events:532:35)
      at endReadableNT (node:internal/streams/readable:1346:12)
      at processTicksAndRejections (node:internal/process/task_queues:83:21)

npm manifest: 
  {
    "dependencies": {
      "react-native-dropdown-picker": "^5.4.2",
      "react-native-select-search": "^1.0.6"
    }
  }

yarn manifest: 
  No manifest

Lockfile: 
  # THIS IS AN AUTOGENERATED FILE. DO NOT EDIT THIS FILE DIRECTLY.
  # yarn lockfile v1
  
  
  react-native-dropdown-picker@^5.4.2:
    version "5.4.2"
    resolved "https://registry.yarnpkg.com/react-native-dropdown-picker/-/react-native-dropdown-picker-5.4.2.tgz#3d17de3d8a84cb8e74a2ffda6be417d287245b81"
    integrity sha512-cZBPyN+k52jA9XguFnKoF5tLf31z6gjZ8GijO/pfVNSSEtPwZ14UTUrr87JiiOnMh5K/O2kRzZ/jZN8D0MmUMA==
  
  react-native-select-search@^1.0.6:
    version "1.0.6"
    resolved "https://registry.yarnpkg.com/react-native-select-search/-/react-native-select-search-1.0.6.tgz#ead8b96facceec04d3932d16e015cc9176ddae4d"
    integrity sha512-HXDyAVALt5bM4X7LPUlPfgi1QpQ84YTajY4n9U5dm4qXGNnYWSI/OaUSiAeiUlIAxQrbTrK9LHUZI5zYP+Ivxw==
